<?xml version="1.0" encoding="UTF-8"?>
<testsuites tests="2" failures="0" disabled="0" errors="0" time="0.009" timestamp="2023-03-28T23:30:44.981" name="AllTests">
  <testsuite name="AssignmentTest" tests="2" failures="0" disabled="0" skipped="0" errors="0" time="0." timestamp="2023-03-28T23:30:44.982">
    <testcase name="ReverseOneString" file="../unitTest/testSuite.cpp" line="16" status="run" result="completed" time="0." timestamp="2023-03-28T23:30:44.982" classname="AssignmentTest" />
    <testcase name="CheckPrimeForNumber" file="../unitTest/testSuite.cpp" line="22" status="run" result="completed" time="0." timestamp="2023-03-28T23:30:44.982" classname="AssignmentTest" />
  </testsuite>
</testsuites>
